[0m[[0m[0mdebug[0m] [0m[0m> Exec(test, Some(10a64e2d-9f64-4d08-8455-0771a9618ad1), Some(CommandSource(console0)))[0m
[0m[[0m[0mdebug[0m] [0m[0mEvaluating tasks: Test / test[0m
[0m[[0m[0mdebug[0m] [0m[0mRunning task... Cancel: Signal, check cycles: false, forcegc: true[0m
[0m[[0m[0minfo[0m] [0m[0mcompiling 2 Scala sources to C:\Users\jklui\Desktop\FLanguageG03-state-and-eh-with-cats\target\scala-2.13\test-classes ...[0m
[0m[[0m[0minfo[0m] [0m[0m[32mSubstitutionTest:[0m[0m
[0m[[0m[0minfo[0m] [0m[0m[32msubstitute x by CInt(5) in CInt(10)[0m[0m
[0m[[0m[0minfo[0m] [0m[0m[32m- should return the int constant 10.[0m[0m
[0m[[0m[0minfo[0m] [0m[0m[32msubstitute x by CInt(5) in Id('x')[0m[0m
[0m[[0m[0minfo[0m] [0m[0m[32m- should return the int constant 5.[0m[0m
[0m[[0m[0minfo[0m] [0m[0m[32msubstitute x by CInt(5) in Id('y')[0m[0m
[0m[[0m[0minfo[0m] [0m[0m[32m- should return Id('y').[0m[0m
[0m[[0m[0minfo[0m] [0m[0m[32msubstitute x by CInt(5) in Add(CInt(10), Id('x'))[0m[0m
[0m[[0m[0minfo[0m] [0m[0m[32m- should return Add(CInt(10), CInt(5))[0m[0m
[0m[[0m[0minfo[0m] [0m[0m[32msubstitute x by CInt(5) in Add(CInt(10), Add(Id('x'), Id('x')))[0m[0m
[0m[[0m[0minfo[0m] [0m[0m[32m- should return Add(CInt(10), Add(CInt(5), CInt(5)))[0m[0m
[0m[[0m[0minfo[0m] [0m[0m[32mInterpreterTest:[0m[0m
[0m[[0m[0minfo[0m] [0m[0m[32meval Add(CInt(5), CInt(10)) [0m[0m
[0m[[0m[0minfo[0m] [0m[0m[32m- should return an integer value 15.[0m[0m
[0m[[0m[0minfo[0m] [0m[0m[32meval Add(CInt(5), Add(CInt(5), CInt(10))) [0m[0m
[0m[[0m[0minfo[0m] [0m[0m[32m- should return an integer value 20.[0m[0m
[0m[[0m[0minfo[0m] [0m[0m[32meval Mul(CInt(5), CInt(10))[0m[0m
[0m[[0m[0minfo[0m] [0m[0m[32m- should return an integer value 50[0m[0m
[0m[[0m[0minfo[0m] [0m[0m[32meval App(inc, 99) [0m[0m
[0m[[0m[0minfo[0m] [0m[0m[32m- should return an integer value 100[0m[0m
[0m[[0m[0minfo[0m] [0m[0m[32meval App(foo, 10) [0m[0m
[0m[[0m[0minfo[0m] [0m[0m[32m- should raise an error.[0m[0m
[0m[[0m[0minfo[0m] [0m[0m[32meval Add(5, App(bug, 10)) [0m[0m
[0m[[0m[0minfo[0m] [0m[0m[32m- should raise an error.[0m[0m
[0m[[0m[0minfo[0m] [0m[0m[32meval CInt(5)[0m[0m
[0m[[0m[0minfo[0m] [0m[0m[32m- should return an integer value 5.[0m[0m
[0m[[0m[0minfo[0m] [0m[0m[36mRun completed in 408 milliseconds.[0m[0m
[0m[[0m[0minfo[0m] [0m[0m[36mTotal number of tests run: 12[0m[0m
[0m[[0m[0minfo[0m] [0m[0m[36mSuites: completed 2, aborted 0[0m[0m
[0m[[0m[0minfo[0m] [0m[0m[36mTests: succeeded 12, failed 0, canceled 0, ignored 0, pending 0[0m[0m
[0m[[0m[0minfo[0m] [0m[0m[32mAll tests passed.[0m[0m
[0m[[0m[32msuccess[0m] [0m[0mTotal time: 1 s, completed 2 de ago de 2024 10:31:30[0m
[0m[[0m[0mdebug[0m] [0m[0m> Exec(shell, None, None)[0m
