2024.07.27 18:17:47 INFO  Started: Metals version 1.3.4 in folders 'C:\Users\marcu\Desktop\Emanuel\UnB\Materias\2024.1\TP2\FLanguageG03' for client Visual Studio Code 1.91.1.
SLF4J(W): Class path contains multiple SLF4J providers.
SLF4J(W): Found provider [scribe.slf4j.ScribeServiceProvider@7e3eeadc]
SLF4J(W): Found provider [ch.qos.logback.classic.spi.LogbackServiceProvider@4953c3cb]
SLF4J(W): See https://www.slf4j.org/codes.html#multiple_bindings for an explanation.
SLF4J(I): Actual provider is of type [scribe.slf4j.ScribeServiceProvider@7e3eeadc]
2024.07.27 18:17:48 WARN  Flyway upgrade recommended: H2 2.3.230 is newer than this version of Flyway and support has not been tested. The latest supported version of H2 is 2.2.220.
2024.07.27 18:18:51 INFO  running 'C:\Users\marcu\AppData\Local\Coursier\cache\arc\https\github.com\adoptium\temurin17-binaries\releases\download\jdk-17%252B35\OpenJDK17-jdk_x64_windows_hotspot_17_35.zip\jdk-17+35\bin\java.exe -Djline.terminal=jline.UnsupportedTerminal -Dsbt.log.noformat=true -Dfile.encoding=UTF-8 -Dsbt.version=1.9.9 -jar C:\Users\marcu\AppData\Local\Temp\metals16185806313406042359\sbt-launch.jar -Dbloop.export-jar-classifiers=sources bloopInstall'
2024.07.27 18:19:00 INFO  [info] Updated file C:\Users\marcu\Desktop\Emanuel\UnB\Materias\2024.1\TP2\FLanguageG03\project\build.properties: set sbt.version to 1.9.9
2024.07.27 18:19:00 INFO  [info] welcome to sbt 1.9.9 (Eclipse Adoptium Java 17)
2024.07.27 18:19:04 INFO  [info] loading settings for project flanguageg03-build-build from metals.sbt ...
2024.07.27 18:19:05 INFO  [info] loading project definition from C:\Users\marcu\Desktop\Emanuel\UnB\Materias\2024.1\TP2\FLanguageG03\project\project
2024.07.27 18:19:09 INFO  [info] loading settings for project flanguageg03-build from metals.sbt ...
2024.07.27 18:19:09 INFO  [info] loading project definition from C:\Users\marcu\Desktop\Emanuel\UnB\Materias\2024.1\TP2\FLanguageG03\project
2024.07.27 18:19:19 INFO  [success] Generated .bloop\flanguageg03-build.json
2024.07.27 18:19:19 INFO  [success] Total time: 9 s, completed 27 de jul. de 2024 18:19:19
2024.07.27 18:19:22 INFO  [info] loading settings for project root from build.sbt ...
2024.07.27 18:19:22 INFO  [info] set current project to FLanguage (in build file:/C:/Users/marcu/Desktop/Emanuel/UnB/Materias/2024.1/TP2/FLanguageG03/)
2024.07.27 18:19:31 INFO  [success] Generated .bloop\root.json
2024.07.27 18:19:31 INFO  [success] Generated .bloop\root-test.json
2024.07.27 18:19:31 INFO  [success] Total time: 9 s, completed 27 de jul. de 2024 18:19:31
2024.07.27 18:19:31 INFO  time: ran 'sbt bloopInstall' in 39s
2024.07.27 18:19:31 INFO  Attempting to connect to the build server...
2024.07.27 18:19:31 INFO  tracing is disabled for protocol BSP, to enable tracing of incoming and outgoing JSON messages create an empty file at C:\Users\marcu\Desktop\Emanuel\UnB\Materias\2024.1\TP2\FLanguageG03\.metals\bsp.trace.json or C:\Users\marcu\AppData\Local\scalameta\metals\cache\bsp.trace.json
2024.07.27 18:19:39 INFO  Attempting to connect to the build server...
2024.07.27 18:19:39 INFO  tracing is disabled for protocol BSP, to enable tracing of incoming and outgoing JSON messages create an empty file at C:\Users\marcu\Desktop\Emanuel\UnB\Materias\2024.1\TP2\FLanguageG03\project\.metals\bsp.trace.json or C:\Users\marcu\AppData\Local\scalameta\metals\cache\bsp.trace.json
2024.07.27 18:19:41 INFO  time: Connected to build server in 9.69s
2024.07.27 18:19:41 INFO  Connected to Build server: Bloop v1.6.0
2024.07.27 18:19:41 INFO  time: Imported build in 0.18s
2024.07.27 18:19:41 INFO  running doctor check
2024.07.27 18:19:41 INFO  java targets: root, root-test, flanguageg03-build
2024.07.27 18:19:50 WARN  Flyway upgrade recommended: H2 2.3.230 is newer than this version of Flyway and support has not been tested. The latest supported version of H2 is 2.2.220.
2024.07.27 18:20:12 INFO  time: indexed workspace in 30s
2024.07.27 18:20:32 INFO  compiling root (2 scala sources)
2024.07.27 18:20:41 INFO  time: compiled root in 9s
jul. 27, 2024 6:21:48 PM org.eclipse.lsp4j.jsonrpc.RemoteEndpoint handleCancellation
ADVERTÊNCIA: Unmatched cancel notification for request id 72
jul. 27, 2024 6:21:54 PM org.eclipse.lsp4j.jsonrpc.RemoteEndpoint handleCancellation
ADVERTÊNCIA: Unmatched cancel notification for request id 87
jul. 27, 2024 6:22:34 PM org.eclipse.lsp4j.jsonrpc.services.GenericEndpoint notify
INFORMAÇÕES: Unsupported notification method: $/setTrace
2024.07.27 18:22:46 WARN  Target root C:\Users\marcu\Desktop\Emanuel\UnB\Materias\2024.1\TP2\FLanguageG03\.bloop\root\bloop-bsp-clients-classes\classes-Metals-zs2E3kP_SRmWr0Bp5isjLw== does not exist
2024.07.27 18:23:22 WARN  Target root C:\Users\marcu\Desktop\Emanuel\UnB\Materias\2024.1\TP2\FLanguageG03\.bloop\root\bloop-bsp-clients-classes\classes-Metals-zs2E3kP_SRmWr0Bp5isjLw== does not exist
2024.07.27 18:23:23 WARN  Target root C:\Users\marcu\Desktop\Emanuel\UnB\Materias\2024.1\TP2\FLanguageG03\.bloop\root\bloop-bsp-clients-classes\classes-Metals-zs2E3kP_SRmWr0Bp5isjLw== does not exist
